y:\data\cplusplus\amibroker_binancerealtimedata\amibroke.01090c46\release\amibroker_binancerealtimedata.pch
y:\data\cplusplus\amibroker_binancerealtimedata\amibroke.01090c46\release\vc143.pdb
y:\data\cplusplus\amibroker_binancerealtimedata\amibroke.01090c46\release\pch.obj
y:\data\cplusplus\amibroker_binancerealtimedata\amibroke.01090c46\release\dllmain.obj
y:\data\cplusplus\amibroker_binancerealtimedata\amibroke.01090c46\release\binance.obj
y:\data\cplusplus\amibroker_binancerealtimedata\amibroke.01090c46\release\amibrokerutilities.obj
y:\data\cplusplus\amibroker_binancerealtimedata\release\amibroker_binancerealtimedata.dll
y:\data\cplusplus\amibroker_binancerealtimedata\release\amibroker_binancerealtimedata.pdb
y:\data\cplusplus\amibroker_binancerealtimedata\release\amibroker_binancerealtimedata.lib
y:\data\cplusplus\amibroker_binancerealtimedata\release\amibroker_binancerealtimedata.exp
y:\data\cplusplus\amibroker_binancerealtimedata\amibroke.01090c46\release\amibroker_binancerealtimedata.ipdb
y:\data\cplusplus\amibroker_binancerealtimedata\amibroke.01090c46\release\amibroker_binancerealtimedata.iobj
y:\data\cplusplus\amibroker_binancerealtimedata\amibroke.01090c46\release\amibroke.01090c46.tlog\cl.command.1.tlog
y:\data\cplusplus\amibroker_binancerealtimedata\amibroke.01090c46\release\amibroke.01090c46.tlog\cl.items.tlog
y:\data\cplusplus\amibroker_binancerealtimedata\amibroke.01090c46\release\amibroke.01090c46.tlog\cl.read.1.tlog
y:\data\cplusplus\amibroker_binancerealtimedata\amibroke.01090c46\release\amibroke.01090c46.tlog\cl.write.1.tlog
y:\data\cplusplus\amibroker_binancerealtimedata\amibroke.01090c46\release\amibroke.01090c46.tlog\link.command.1.tlog
y:\data\cplusplus\amibroker_binancerealtimedata\amibroke.01090c46\release\amibroke.01090c46.tlog\link.read.1.tlog
y:\data\cplusplus\amibroker_binancerealtimedata\amibroke.01090c46\release\amibroke.01090c46.tlog\link.secondary.1.tlog
y:\data\cplusplus\amibroker_binancerealtimedata\amibroke.01090c46\release\amibroke.01090c46.tlog\link.write.1.tlog
